<?xml version="1.0" encoding="utf-8"?>
<TestRun id="34c15c4b-4429-47ee-aba1-ceb066623643" name="mdraiyanalam@DESKTOP-79PFN7J 2026-07-24 18:49:19" runUser="DESKTOP-79PFN7J\mdraiyanalam" xmlns="http://microsoft.com/schemas/VisualStudio/TeamTest/2010">
  <Times creation="2026-07-24T18:49:19.0591335+06:00" queuing="2026-07-24T18:49:19.0591340+06:00" start="2026-07-24T18:49:12.3403453+06:00" finish="2026-07-24T18:49:19.0650234+06:00" />
  <TestSettings name="default" id="b82271da-e2fd-4208-96b2-67e692caecda">
    <Deployment runDeploymentRoot="mdraiyanalam_DESKTOP-79PFN7J_2026-07-24_18_49_19" />
  </TestSettings>
  <Results>
    <UnitTestResult executionId="e53db72c-417e-4322-896f-1adc9d105eae" testId="f2cedec4-77ac-fe31-72c2-916d37114d31" testName="UITests.HomePage_ReturnsHtml_WithControls" computerName="DESKTOP-79PFN7J" duration="00:00:04.4139001" startTime="2026-07-24T18:49:18.9750179+06:00" endTime="2026-07-24T18:49:18.9750321+06:00" testType="13cdc9d9-ddb5-4fa4-a97d-d965ccfc6d4b" outcome="Failed" testListId="8c84fa94-04c1-424b-9868-57a2d4851a1d" relativeResultsDirectory="e53db72c-417e-4322-896f-1adc9d105eae">
      <Output>
        <ErrorInfo>
          <Message>System.Net.Http.HttpRequestException : No connection could be made because the target machine actively refused it. (localhost:5001)&#xD;
---- System.Net.Sockets.SocketException : No connection could be made because the target machine actively refused it.</Message>
          <StackTrace>   at System.Net.Http.HttpConnectionPool.ConnectToTcpHostAsync(String host, Int32 port, HttpRequestMessage initialRequest, Boolean async, CancellationToken cancellationToken)&#xD;
   at System.Net.Http.HttpConnectionPool.ConnectAsync(HttpRequestMessage request, Boolean async, CancellationToken cancellationToken)&#xD;
   at System.Net.Http.HttpConnectionPool.CreateHttp11ConnectionAsync(HttpRequestMessage request, Boolean async, CancellationToken cancellationToken)&#xD;
   at System.Net.Http.HttpConnectionPool.AddHttp11ConnectionAsync(QueueItem queueItem)&#xD;
   at System.Threading.Tasks.TaskCompletionSourceWithCancellation`1.WaitWithCancellationAsync(CancellationToken cancellationToken)&#xD;
   at System.Net.Http.HttpConnectionPool.SendWithVersionDetectionAndRetryAsync(HttpRequestMessage request, Boolean async, Boolean doRequestAuth, CancellationToken cancellationToken)&#xD;
   at System.Net.Http.RedirectHandler.SendAsync(HttpRequestMessage request, Boolean async, CancellationToken cancellationToken)&#xD;
   at System.Net.Http.HttpClient.&lt;SendAsync&gt;g__Core|83_0(HttpRequestMessage request, HttpCompletionOption completionOption, CancellationTokenSource cts, Boolean disposeCts, CancellationTokenSource pendingRequestsCts, CancellationToken originalCancellationToken)&#xD;
   at UITests.HomePage_ReturnsHtml_WithControls() in C:\Users\mdraiyanalam\.copilot\repos\copilot-worktrees\task05MusicStoreShowroom\gekapo3691-animated-enigma\Tests\UiTests\UITests.cs:line 12&#xD;
--- End of stack trace from previous location ---&#xD;
----- Inner Stack Trace -----&#xD;
   at System.Net.Sockets.Socket.AwaitableSocketAsyncEventArgs.ThrowException(SocketError error, CancellationToken cancellationToken)&#xD;
   at System.Net.Sockets.Socket.AwaitableSocketAsyncEventArgs.System.Threading.Tasks.Sources.IValueTaskSource.GetResult(Int16 token)&#xD;
   at System.Net.Sockets.Socket.&lt;ConnectAsync&gt;g__WaitForConnectWithCancellation|285_0(AwaitableSocketAsyncEventArgs saea, ValueTask connectTask, CancellationToken cancellationToken)&#xD;
   at System.Net.Http.HttpConnectionPool.ConnectToTcpHostAsync(String host, Int32 port, HttpRequestMessage initialRequest, Boolean async, CancellationToken cancellationToken)</StackTrace>
        </ErrorInfo>
      </Output>
    </UnitTestResult>
  </Results>
  <TestDefinitions>
    <UnitTest name="UITests.HomePage_ReturnsHtml_WithControls" storage="c:\users\mdraiyanalam\.copilot\repos\copilot-worktrees\task05musicstoreshowroom\gekapo3691-animated-enigma\tests\uitests\bin\debug\net8.0\uitests.dll" id="f2cedec4-77ac-fe31-72c2-916d37114d31">
      <Execution id="e53db72c-417e-4322-896f-1adc9d105eae" />
      <TestMethod codeBase="C:\Users\mdraiyanalam\.copilot\repos\copilot-worktrees\task05MusicStoreShowroom\gekapo3691-animated-enigma\Tests\UiTests\bin\Debug\net8.0\UiTests.dll" adapterTypeName="executor://xunit/VsTestRunner2/netcoreapp" className="UITests" name="HomePage_ReturnsHtml_WithControls" />
    </UnitTest>
  </TestDefinitions>
  <TestEntries>
    <TestEntry testId="f2cedec4-77ac-fe31-72c2-916d37114d31" executionId="e53db72c-417e-4322-896f-1adc9d105eae" testListId="8c84fa94-04c1-424b-9868-57a2d4851a1d" />
  </TestEntries>
  <TestLists>
    <TestList name="Results Not in a List" id="8c84fa94-04c1-424b-9868-57a2d4851a1d" />
    <TestList name="All Loaded Results" id="19431567-8539-422a-85d7-44ee4e166bda" />
  </TestLists>
  <ResultSummary outcome="Failed">
    <Counters total="1" executed="1" passed="0" failed="1" error="0" timeout="0" aborted="0" inconclusive="0" passedButRunAborted="0" notRunnable="0" notExecuted="0" disconnected="0" warning="0" completed="0" inProgress="0" pending="0" />
    <Output>
      <StdOut>[xUnit.net 00:00:00.00] xUnit.net VSTest Adapter v2.5.3.1+6b60a9e56a (64-bit .NET 8.0.29)&#xD;
[xUnit.net 00:00:00.80]   Discovering: UiTests&#xD;
[xUnit.net 00:00:00.86]   Discovered:  UiTests&#xD;
[xUnit.net 00:00:00.86]   Starting:    UiTests&#xD;
[xUnit.net 00:00:05.36]       System.Net.Http.HttpRequestException : No connection could be made because the target machine actively refused it. (localhost:5001)&#xD;
[xUnit.net 00:00:05.36]       ---- System.Net.Sockets.SocketException : No connection could be made because the target machine actively refused it.&#xD;
[xUnit.net 00:00:05.36]       Stack Trace:&#xD;
[xUnit.net 00:00:05.36]            at System.Net.Http.HttpConnectionPool.ConnectToTcpHostAsync(String host, Int32 port, HttpRequestMessage initialRequest, Boolean async, CancellationToken cancellationToken)&#xD;
[xUnit.net 00:00:05.36]            at System.Net.Http.HttpConnectionPool.ConnectAsync(HttpRequestMessage request, Boolean async, CancellationToken cancellationToken)&#xD;
[xUnit.net 00:00:05.36]            at System.Net.Http.HttpConnectionPool.CreateHttp11ConnectionAsync(HttpRequestMessage request, Boolean async, CancellationToken cancellationToken)&#xD;
[xUnit.net 00:00:05.36]            at System.Net.Http.HttpConnectionPool.AddHttp11ConnectionAsync(QueueItem queueItem)&#xD;
[xUnit.net 00:00:05.36]            at System.Threading.Tasks.TaskCompletionSourceWithCancellation`1.WaitWithCancellationAsync(CancellationToken cancellationToken)&#xD;
[xUnit.net 00:00:05.36]            at System.Net.Http.HttpConnectionPool.SendWithVersionDetectionAndRetryAsync(HttpRequestMessage request, Boolean async, Boolean doRequestAuth, CancellationToken cancellationToken)&#xD;
[xUnit.net 00:00:05.36]            at System.Net.Http.RedirectHandler.SendAsync(HttpRequestMessage request, Boolean async, CancellationToken cancellationToken)&#xD;
[xUnit.net 00:00:05.36]            at System.Net.Http.HttpClient.&lt;SendAsync&gt;g__Core|83_0(HttpRequestMessage request, HttpCompletionOption completionOption, CancellationTokenSource cts, Boolean disposeCts, CancellationTokenSource pendingRequestsCts, CancellationToken originalCancellationToken)&#xD;
[xUnit.net 00:00:05.36]         C:\Users\mdraiyanalam\.copilot\repos\copilot-worktrees\task05MusicStoreShowroom\gekapo3691-animated-enigma\Tests\UiTests\UITests.cs(12,0): at UITests.HomePage_ReturnsHtml_WithControls()&#xD;
[xUnit.net 00:00:05.36]         --- End of stack trace from previous location ---&#xD;
[xUnit.net 00:00:05.36]         ----- Inner Stack Trace -----&#xD;
[xUnit.net 00:00:05.36]            at System.Net.Sockets.Socket.AwaitableSocketAsyncEventArgs.ThrowException(SocketError error, CancellationToken cancellationToken)&#xD;
[xUnit.net 00:00:05.36]            at System.Net.Sockets.Socket.AwaitableSocketAsyncEventArgs.System.Threading.Tasks.Sources.IValueTaskSource.GetResult(Int16 token)&#xD;
[xUnit.net 00:00:05.36]            at System.Net.Sockets.Socket.&lt;ConnectAsync&gt;g__WaitForConnectWithCancellation|285_0(AwaitableSocketAsyncEventArgs saea, ValueTask connectTask, CancellationToken cancellationToken)&#xD;
[xUnit.net 00:00:05.36]            at System.Net.Http.HttpConnectionPool.ConnectToTcpHostAsync(String host, Int32 port, HttpRequestMessage initialRequest, Boolean async, CancellationToken cancellationToken)&#xD;
[xUnit.net 00:00:05.37]   Finished:    UiTests&#xD;
</StdOut>
    </Output>
    <RunInfos>
      <RunInfo computerName="DESKTOP-79PFN7J" outcome="Error" timestamp="2026-07-24T18:49:18.9723162+06:00">
        <Text>[xUnit.net 00:00:05.36]     UITests.HomePage_ReturnsHtml_WithControls [FAIL]</Text>
      </RunInfo>
    </RunInfos>
  </ResultSummary>
</TestRun>