<?xml version="1.0" encoding="utf-8"?>
<TestRun id="0570fc59-dce6-4110-bd83-4d6eaedfe9a0" name="mdraiyanalam@DESKTOP-79PFN7J 2026-07-24 18:48:16" runUser="DESKTOP-79PFN7J\mdraiyanalam" xmlns="http://microsoft.com/schemas/VisualStudio/TeamTest/2010">
  <Times creation="2026-07-24T18:48:16.6926895+06:00" queuing="2026-07-24T18:48:16.6926903+06:00" start="2026-07-24T18:48:16.1458087+06:00" finish="2026-07-24T18:48:16.6934501+06:00" />
  <TestSettings name="default" id="d4026361-9b10-4ee8-a989-2326943833ac">
    <Deployment runDeploymentRoot="mdraiyanalam_DESKTOP-79PFN7J_2026-07-24_18_48_16" />
  </TestSettings>
  <TestLists>
    <TestList name="Results Not in a List" id="8c84fa94-04c1-424b-9868-57a2d4851a1d" />
    <TestList name="All Loaded Results" id="19431567-8539-422a-85d7-44ee4e166bda" />
  </TestLists>
  <ResultSummary outcome="Failed">
    <Counters total="0" executed="0" passed="0" failed="0" error="0" timeout="0" aborted="0" inconclusive="0" passedButRunAborted="0" notRunnable="0" notExecuted="0" disconnected="0" warning="0" completed="0" inProgress="0" pending="0" />
    <Output>
      <StdOut>Error:&#xD;
  An assembly specified in the application dependencies manifest (UiTests.deps.json) was not found:&#xD;
    package: 'xunit.abstractions', version: '2.0.3'&#xD;
    path: 'lib/netstandard2.0/xunit.abstractions.dll'&#xD;
</StdOut>
    </Output>
    <RunInfos>
      <RunInfo computerName="DESKTOP-79PFN7J" outcome="Error" timestamp="2026-07-24T18:48:16.5955652+06:00">
        <Text>Testhost process for source(s) 'C:\Users\mdraiyanalam\.copilot\repos\copilot-worktrees\task05MusicStoreShowroom\gekapo3691-animated-enigma\Tests\UiTests\bin\Debug\net8.0\UiTests.dll' exited with error: Error:&#xD;
  An assembly specified in the application dependencies manifest (UiTests.deps.json) was not found:&#xD;
    package: 'xunit.abstractions', version: '2.0.3'&#xD;
    path: 'lib/netstandard2.0/xunit.abstractions.dll'&#xD;
. Please check the diagnostic logs for more information.</Text>
      </RunInfo>
    </RunInfos>
  </ResultSummary>
</TestRun>