<?xml version="1.0" encoding="utf-8"?>
<TestRun id="02ba6f3a-17ba-4a55-80db-36ff8aac8c26" name="mdraiyanalam@DESKTOP-79PFN7J 2026-07-24 19:22:51" runUser="DESKTOP-79PFN7J\mdraiyanalam" xmlns="http://microsoft.com/schemas/VisualStudio/TeamTest/2010">
  <Times creation="2026-07-24T19:22:51.1094160+06:00" queuing="2026-07-24T19:22:51.1094166+06:00" start="2026-07-24T19:22:50.9360035+06:00" finish="2026-07-24T19:22:51.1100051+06:00" />
  <TestSettings name="default" id="1ab8f56a-6282-405a-bd22-84ea974d9f2d">
    <Deployment runDeploymentRoot="mdraiyanalam_DESKTOP-79PFN7J_2026-07-24_19_22_51" />
  </TestSettings>
  <TestLists>
    <TestList name="Results Not in a List" id="8c84fa94-04c1-424b-9868-57a2d4851a1d" />
    <TestList name="All Loaded Results" id="19431567-8539-422a-85d7-44ee4e166bda" />
  </TestLists>
  <ResultSummary outcome="Failed">
    <Counters total="0" executed="0" passed="0" failed="0" error="0" timeout="0" aborted="0" inconclusive="0" passedButRunAborted="0" notRunnable="0" notExecuted="0" disconnected="0" warning="0" completed="0" inProgress="0" pending="0" />
    <Output>
      <StdOut>Error:&#xD;
  An assembly specified in the application dependencies manifest (testhost.deps.json) was not found:&#xD;
    package: 'Microsoft.TestPlatform.CommunicationUtilities', version: '17.14.1-release-25428-01'&#xD;
    path: 'Microsoft.TestPlatform.CommunicationUtilities.dll'&#xD;
</StdOut>
    </Output>
    <RunInfos>
      <RunInfo computerName="DESKTOP-79PFN7J" outcome="Error" timestamp="2026-07-24T19:22:51.0622392+06:00">
        <Text>Testhost process for source(s) 'C:\Users\mdraiyanalam\.copilot\repos\copilot-worktrees\task05MusicStoreShowroom\gekapo3691-animated-enigma\Tests\PlaywrightTests\bin\Debug\net8.0\PlaywrightTests.dll' exited with error: Error:&#xD;
  An assembly specified in the application dependencies manifest (testhost.deps.json) was not found:&#xD;
    package: 'Microsoft.TestPlatform.CommunicationUtilities', version: '17.14.1-release-25428-01'&#xD;
    path: 'Microsoft.TestPlatform.CommunicationUtilities.dll'&#xD;
. Please check the diagnostic logs for more information.</Text>
      </RunInfo>
    </RunInfos>
  </ResultSummary>
</TestRun>