<?xml version="1.0" encoding="utf-8"?>
<TestRun id="8f1701aa-14e8-4c44-8ecb-a3c03e41beab" name="mdraiyanalam@DESKTOP-79PFN7J 2026-07-24 19:22:07" runUser="DESKTOP-79PFN7J\mdraiyanalam" xmlns="http://microsoft.com/schemas/VisualStudio/TeamTest/2010">
  <Times creation="2026-07-24T19:22:07.3979167+06:00" queuing="2026-07-24T19:22:07.3979170+06:00" start="2026-07-24T19:22:07.2380750+06:00" finish="2026-07-24T19:22:07.3982650+06:00" />
  <TestSettings name="default" id="5faa8ae9-57ae-4c67-a652-b698e8a95d66">
    <Deployment runDeploymentRoot="mdraiyanalam_DESKTOP-79PFN7J_2026-07-24_19_22_07" />
  </TestSettings>
  <TestLists>
    <TestList name="Results Not in a List" id="8c84fa94-04c1-424b-9868-57a2d4851a1d" />
    <TestList name="All Loaded Results" id="19431567-8539-422a-85d7-44ee4e166bda" />
  </TestLists>
  <ResultSummary outcome="Failed">
    <Counters total="0" executed="0" passed="0" failed="0" error="0" timeout="0" aborted="0" inconclusive="0" passedButRunAborted="0" notRunnable="0" notExecuted="0" disconnected="0" warning="0" completed="0" inProgress="0" pending="0" />
    <Output>
      <StdOut>Error:&#xD;
  An assembly specified in the application dependencies manifest (testhost.deps.json) was not found:&#xD;
    package: 'Newtonsoft.Json', version: '13.0.3'&#xD;
    path: 'lib/net6.0/Newtonsoft.Json.dll'&#xD;
</StdOut>
    </Output>
    <RunInfos>
      <RunInfo computerName="DESKTOP-79PFN7J" outcome="Error" timestamp="2026-07-24T19:22:07.3642429+06:00">
        <Text>Testhost process for source(s) 'C:\Users\mdraiyanalam\.copilot\repos\copilot-worktrees\task05MusicStoreShowroom\gekapo3691-animated-enigma\Tests\PlaywrightTests\bin\Debug\net8.0\PlaywrightTests.dll' exited with error: Error:&#xD;
  An assembly specified in the application dependencies manifest (testhost.deps.json) was not found:&#xD;
    package: 'Newtonsoft.Json', version: '13.0.3'&#xD;
    path: 'lib/net6.0/Newtonsoft.Json.dll'&#xD;
. Please check the diagnostic logs for more information.</Text>
      </RunInfo>
    </RunInfos>
  </ResultSummary>
</TestRun>